d:\workspace\cocos2d-x-2.2.5\projects\mechawar\proj.win32\debug.win32\vc120.pdb
d:\workspace\cocos2d-x-2.2.5\projects\mechawar\proj.win32\debug.win32\vc120.idb
d:\workspace\cocos2d-x-2.2.5\projects\mechawar\proj.win32\debug.win32\mine.obj
d:\workspace\cocos2d-x-2.2.5\projects\mechawar\proj.win32\debug.win32\myrect.obj
d:\workspace\cocos2d-x-2.2.5\projects\mechawar\proj.win32\debug.win32\myrectangle.obj
d:\workspace\cocos2d-x-2.2.5\projects\mechawar\proj.win32\debug.win32\mysprite.obj
d:\workspace\cocos2d-x-2.2.5\projects\mechawar\proj.win32\debug.win32\objectmanager.obj
d:\workspace\cocos2d-x-2.2.5\projects\mechawar\proj.win32\debug.win32\pd.obj
d:\workspace\cocos2d-x-2.2.5\projects\mechawar\proj.win32\debug.win32\pillbox.obj
d:\workspace\cocos2d-x-2.2.5\projects\mechawar\proj.win32\debug.win32\point.obj
d:\workspace\cocos2d-x-2.2.5\projects\mechawar\proj.win32\debug.win32\queue.obj
d:\workspace\cocos2d-x-2.2.5\projects\mechawar\proj.win32\debug.win32\resourcemanager.obj
d:\workspace\cocos2d-x-2.2.5\projects\mechawar\proj.win32\debug.win32\roundmanager.obj
d:\workspace\cocos2d-x-2.2.5\projects\mechawar\proj.win32\debug.win32\roundselectscene.obj
d:\workspace\cocos2d-x-2.2.5\projects\mechawar\proj.win32\debug.win32\runner.obj
d:\workspace\cocos2d-x-2.2.5\projects\mechawar\proj.win32\debug.win32\spritemanager.obj
d:\workspace\cocos2d-x-2.2.5\projects\mechawar\proj.win32\debug.win32\status.obj
d:\workspace\cocos2d-x-2.2.5\projects\mechawar\proj.win32\debug.win32\tank.obj
d:\workspace\cocos2d-x-2.2.5\projects\mechawar\proj.win32\debug.win32\timer.obj
d:\workspace\cocos2d-x-2.2.5\projects\mechawar\proj.win32\debug.win32\tower.obj
d:\workspace\cocos2d-x-2.2.5\projects\mechawar\proj.win32\debug.win32\wall.obj
d:\workspace\cocos2d-x-2.2.5\projects\mechawar\proj.win32\debug.win32\main.obj
d:\workspace\cocos2d-x-2.2.5\projects\mechawar\proj.win32\debug.win32\appdelegate.obj
d:\workspace\cocos2d-x-2.2.5\projects\mechawar\proj.win32\debug.win32\attackfield.obj
d:\workspace\cocos2d-x-2.2.5\projects\mechawar\proj.win32\debug.win32\enemy.obj
d:\workspace\cocos2d-x-2.2.5\projects\mechawar\proj.win32\debug.win32\gamemanager.obj
d:\workspace\cocos2d-x-2.2.5\projects\mechawar\proj.win32\debug.win32\gamescene.obj
d:\workspace\cocos2d-x-2.2.5\projects\mechawar\proj.win32\debug.win32\helloworldscene.obj
d:\workspace\cocos2d-x-2.2.5\projects\mechawar\proj.win32\debug.win32\helpbar.obj
d:\workspace\cocos2d-x-2.2.5\projects\mechawar\proj.win32\debug.win32\map.obj
d:\workspace\cocos2d-x-2.2.5\projects\mechawar\proj.win32\debug.win32\mathmethod.obj
d:\workspace\cocos2d-x-2.2.5\projects\mechawar\proj.win32\debug.win32\shootfire.obj
d:\workspace\cocos2d-x-2.2.5\projects\mechawar\proj.win32\debug.win32\flyer.obj
d:\workspace\cocos2d-x-2.2.5\projects\mechawar\proj.win32\debug.win32\plane.obj
d:\workspace\cocos2d-x-2.2.5\projects\mechawar\proj.win32\debug.win32\rocket.obj
d:\workspace\cocos2d-x-2.2.5\projects\mechawar\proj.win32\debug.win32\bullet.obj
d:\workspace\cocos2d-x-2.2.5\projects\mechawar\proj.win32\debug.win32\blast.obj
d:\workspace\cocos2d-x-2.2.5\projects\mechawar\proj.win32\debug.win32\cameramanager.obj
d:\workspace\cocos2d-x-2.2.5\projects\mechawar\proj.win32\debug.win32\maintarget.obj
d:\workspace\cocos2d-x-2.2.5\projects\mechawar\proj.win32\debug.win32\progressmananger.obj
d:\workspace\cocos2d-x-2.2.5\projects\mechawar\proj.win32\debug.win32\mylabel.obj
d:\workspace\cocos2d-x-2.2.5\projects\mechawar\proj.win32\debug.win32\smokerocket.obj
d:\workspace\cocos2d-x-2.2.5\projects\mechawar\proj.win32\debug.win32\mechawar.ilk
d:\workspace\cocos2d-x-2.2.5\projects\mechawar\proj.win32\debug.win32\mechawar.exe
d:\workspace\cocos2d-x-2.2.5\projects\mechawar\proj.win32\debug.win32\mechawar.pdb
d:\workspace\cocos2d-x-2.2.5\projects\mechawar\proj.win32\debug.win32\libextensions.ilk
d:\workspace\cocos2d-x-2.2.5\projects\mechawar\proj.win32\debug.win32\libcocos2d.exp
d:\workspace\cocos2d-x-2.2.5\projects\mechawar\proj.win32\debug.win32\libcocosdenshion.exp
d:\workspace\cocos2d-x-2.2.5\projects\mechawar\proj.win32\debug.win32\libextensions.exp
d:\workspace\cocos2d-x-2.2.5\projects\mechawar\proj.win32\debug.win32\libcocos2d.pdb
d:\workspace\cocos2d-x-2.2.5\projects\mechawar\proj.win32\debug.win32\libcocosdenshion.pdb
d:\workspace\cocos2d-x-2.2.5\projects\mechawar\proj.win32\debug.win32\libextensions.pdb
d:\workspace\cocos2d-x-2.2.5\projects\mechawar\proj.win32\debug.win32\mechawar.tlog\cl.command.1.tlog
d:\workspace\cocos2d-x-2.2.5\projects\mechawar\proj.win32\debug.win32\mechawar.tlog\cl.read.1.tlog
d:\workspace\cocos2d-x-2.2.5\projects\mechawar\proj.win32\debug.win32\mechawar.tlog\cl.write.1.tlog
d:\workspace\cocos2d-x-2.2.5\projects\mechawar\proj.win32\debug.win32\mechawar.tlog\link.command.1.tlog
d:\workspace\cocos2d-x-2.2.5\projects\mechawar\proj.win32\debug.win32\mechawar.tlog\link.read.1.tlog
d:\workspace\cocos2d-x-2.2.5\projects\mechawar\proj.win32\debug.win32\mechawar.tlog\link.write.1.tlog
