d:\workspace\cocos2d-x-2.2.5\projects\mechawar\proj.winrt\win32\debug\pch.pch
d:\workspace\cocos2d-x-2.2.5\projects\mechawar\proj.winrt\win32\debug\vc120.pdb
d:\workspace\cocos2d-x-2.2.5\projects\mechawar\proj.winrt\win32\debug\pch.obj
d:\workspace\cocos2d-x-2.2.5\projects\mechawar\proj.winrt\win32\debug\appdelegate.obj
d:\workspace\cocos2d-x-2.2.5\projects\mechawar\proj.winrt\win32\debug\helloworldscene.obj
d:\workspace\cocos2d-x-2.2.5\projects\mechawar\proj.winrt\win32\debug\gamemanager.obj
d:\workspace\cocos2d-x-2.2.5\projects\mechawar\proj.winrt\win32\debug\mylabel.obj
d:\workspace\cocos2d-x-2.2.5\projects\mechawar\proj.winrt\win32\debug\myrectangle.obj
d:\workspace\cocos2d-x-2.2.5\projects\mechawar\proj.winrt\win32\debug\resourcemanager.obj
d:\workspace\cocos2d-x-2.2.5\projects\mechawar\proj.winrt\win32\debug\mainpage.xaml.obj
d:\workspace\cocos2d-x-2.2.5\projects\mechawar\proj.winrt\win32\debug\myrect.obj
d:\workspace\cocos2d-x-2.2.5\projects\mechawar\proj.winrt\win32\debug\xamltypeinfo.impl.g.obj
d:\workspace\cocos2d-x-2.2.5\projects\mechawar\proj.winrt\win32\debug\timer.obj
d:\workspace\cocos2d-x-2.2.5\projects\mechawar\proj.winrt\win32\debug\app.xaml.obj
d:\workspace\cocos2d-x-2.2.5\projects\mechawar\proj.winrt\win32\debug\mysprite.obj
d:\workspace\cocos2d-x-2.2.5\projects\mechawar\proj.winrt\win32\debug\tank.obj
d:\workspace\cocos2d-x-2.2.5\projects\mechawar\proj.winrt\win32\debug\objectmanager.obj
d:\workspace\cocos2d-x-2.2.5\projects\mechawar\proj.winrt\win32\debug\queue.obj
d:\workspace\cocos2d-x-2.2.5\projects\mechawar\proj.winrt\win32\debug\maintarget.obj
d:\workspace\cocos2d-x-2.2.5\projects\mechawar\proj.winrt\win32\debug\tower.obj
d:\workspace\cocos2d-x-2.2.5\projects\mechawar\proj.winrt\win32\debug\status.obj
d:\workspace\cocos2d-x-2.2.5\projects\mechawar\proj.winrt\win32\debug\pillbox.obj
d:\workspace\cocos2d-x-2.2.5\projects\mechawar\proj.winrt\win32\debug\pd.obj
d:\workspace\cocos2d-x-2.2.5\projects\mechawar\proj.winrt\win32\debug\blast.obj
d:\workspace\cocos2d-x-2.2.5\projects\mechawar\proj.winrt\win32\debug\mine.obj
d:\workspace\cocos2d-x-2.2.5\projects\mechawar\proj.winrt\win32\debug\mathmethod.obj
d:\workspace\cocos2d-x-2.2.5\projects\mechawar\proj.winrt\win32\debug\roundselectscene.obj
d:\workspace\cocos2d-x-2.2.5\projects\mechawar\proj.winrt\win32\debug\rocket.obj
d:\workspace\cocos2d-x-2.2.5\projects\mechawar\proj.winrt\win32\debug\progressmananger.obj
d:\workspace\cocos2d-x-2.2.5\projects\mechawar\proj.winrt\win32\debug\attackfield.obj
d:\workspace\cocos2d-x-2.2.5\projects\mechawar\proj.winrt\win32\debug\wall.obj
d:\workspace\cocos2d-x-2.2.5\projects\mechawar\proj.winrt\win32\debug\gamescene.obj
d:\workspace\cocos2d-x-2.2.5\projects\mechawar\proj.winrt\win32\debug\enemy.obj
d:\workspace\cocos2d-x-2.2.5\projects\mechawar\proj.winrt\win32\debug\smokerocket.obj
d:\workspace\cocos2d-x-2.2.5\projects\mechawar\proj.winrt\win32\debug\spritemanager.obj
d:\workspace\cocos2d-x-2.2.5\projects\mechawar\proj.winrt\win32\debug\bullet.obj
d:\workspace\cocos2d-x-2.2.5\projects\mechawar\proj.winrt\win32\debug\shootfire.obj
d:\workspace\cocos2d-x-2.2.5\projects\mechawar\proj.winrt\win32\debug\cameramanager.obj
d:\workspace\cocos2d-x-2.2.5\projects\mechawar\proj.winrt\win32\debug\roundmanager.obj
d:\workspace\cocos2d-x-2.2.5\projects\mechawar\proj.winrt\win32\debug\point.obj
d:\workspace\cocos2d-x-2.2.5\projects\mechawar\proj.winrt\win32\debug\plane.obj
d:\workspace\cocos2d-x-2.2.5\projects\mechawar\proj.winrt\win32\debug\flyer.obj
d:\workspace\cocos2d-x-2.2.5\projects\mechawar\proj.winrt\win32\debug\runner.obj
d:\workspace\cocos2d-x-2.2.5\projects\mechawar\proj.winrt\win32\debug\mechawar.vcxprojresolveassemblyreference.cache
d:\workspace\cocos2d-x-2.2.5\projects\mechawar\proj.winrt\win32\debug\mechawar_2013.vcxprojresolveassemblyreference.cache
d:\workspace\cocos2d-x-2.2.5\projects\mechawar\proj.winrt\win32\debug\xamlsavestatefile.xml
d:\workspace\cocos2d-x-2.2.5\projects\mechawar\proj.winrt\win32\debug\mechawar_2013.tlog\cl.command.1.tlog
d:\workspace\cocos2d-x-2.2.5\projects\mechawar\proj.winrt\win32\debug\mechawar_2013.tlog\cl.read.1.tlog
d:\workspace\cocos2d-x-2.2.5\projects\mechawar\proj.winrt\win32\debug\mechawar_2013.tlog\cl.write.1.tlog
d:\workspace\cocos2d-x-2.2.5\projects\mechawar\proj.winrt\generated files\app.g.h
d:\workspace\cocos2d-x-2.2.5\projects\mechawar\proj.winrt\generated files\mainpage.g.h
d:\workspace\cocos2d-x-2.2.5\projects\mechawar\proj.winrt\generated files\xamltypeinfo.g.h
d:\workspace\cocos2d-x-2.2.5\projects\mechawar\proj.winrt\generated files\xamllibmetadataprovider.g.cpp
d:\workspace\cocos2d-x-2.2.5\projects\mechawar\proj.winrt\generated files\xamltypeinfo.impl.g.cpp
d:\workspace\cocos2d-x-2.2.5\projects\mechawar\proj.winrt\generated files\app.xaml
d:\workspace\cocos2d-x-2.2.5\projects\mechawar\proj.winrt\generated files\mainpage.xaml
